<?xml version="1.0" encoding="UTF-8"?>
<!-- Generated by org.testng.reporters.JUnitReportReporter -->
<testsuite skipped="0" hostname="Ramnath-PC" name="com.qa.hs.tests.LoginTest" tests="2" failures="0" timestamp="24 Jul 2020 18:49:59 GMT" time="186.852" errors="0">
  <testcase name="signUp" time="76.601" classname="com.qa.hs.tests.LoginTest"/>
  <testcase name="loginTest" time="110.251" classname="com.qa.hs.tests.LoginTest"/>
</testsuite> <!-- com.qa.hs.tests.LoginTest -->
